<?xml version="1.0" encoding="UTF-8"?>
<testsuite name="com.utest.runners.AddToCartRunner" tests="0" skipped="0" failures="0" errors="0" timestamp="1970-01-01T00:00:00" hostname="DESKTOP-PQH91VA" time="0.0">
  <properties/>
  <system-out><![CDATA[loaded ch.qos.logback.classic.util.DefaultJoranConfigurator@130c12b7
Found ch.qos.logback.classic.util.DefaultJoranConfigurator@130c12b7
12:04:52.255 [Test worker] DEBUG net.thucydides.core.guice.Injectors - Created injector for module net.thucydides.core.guice.ThucydidesModule
12:04:52.418 [Test worker] DEBUG io.cucumber.core.plugin.SerenityReporter - Running feature from file:///C:/Users/casaf/Desktop/auti/SQAreto/src/test/resources/features/addtocart.feature
12:04:52.726 [Test worker] DEBUG net.thucydides.core.guice.Injectors - Created injector for module net.thucydides.core.guice.webdriver.WebDriverModule
12:04:52.762 [Test worker] INFO  - 

-------------------------------------------------------------------------------------
     _______. _______ .______       _______ .__   __.  __  .___________.____    ____ 
    /       ||   ____||   _  \     |   ____||  \ |  | |  | |           |\   \  /   / 
   |   (----`|  |__   |  |_)  |    |  |__   |   \|  | |  | `---|  |----` \   \/   /  
    \   \    |   __|  |      /     |   __|  |  . `  | |  |     |  |       \_    _/   
.----)   |   |  |____ |  |\  \----.|  |____ |  |\   | |  |     |  |         |  |     
|_______/    |_______|| _| `._____||_______||__| \__| |__|     |__|         |__|    
                                                                                     
 News and tutorials at http://www.serenity-bdd.info                                  
 Documentation at https://wakaleo.gitbooks.io/the-serenity-book/content/             
 Join the Serenity Community on Gitter: https://gitter.im/serenity-bdd/serenity-core 
 Serenity BDD Support and Training at http://serenity-bdd.info/#/trainingandsupport  
-------------------------------------------------------------------------------------

12:04:52.769 [Test worker] DEBUG net.thucydides.core.steps.StepEventBus - Test suite started for story net.thucydides.core.model.Story@1f1ff80
12:04:52.777 [Test worker] INFO  - Test Suite Started: Cart
12:04:52.819 [Test worker] DEBUG io.cucumber.core.plugin.SerenityReporter - Running feature from file:///C:/Users/casaf/Desktop/auti/SQAreto/src/test/resources/features/addtocart.feature
12:04:52.829 [Test worker] DEBUG net.thucydides.core.steps.StepEventBus - Test suite started for story net.thucydides.core.model.Story@1f1ff80
12:04:52.831 [Test worker] INFO  - Test Suite Started: Cart
12:05:48.156 [Test worker] DEBUG net.thucydides.core.reports.ReportService - Reporting formats: [JSON]
12:05:48.433 [Test worker] DEBUG net.thucydides.core.reports.ReportService - Reporting formats: [JSON]
12:05:48.470 [Test worker] DEBUG net.thucydides.core.reports.ReportService - Generating reports for 1 test outcomes using: net.thucydides.core.reports.json.JSONTestOutcomeReporter@4627dfda
12:05:48.471 [pool-1-thread-1] DEBUG net.thucydides.core.reports.ReportService - Processing test outcome cart:add 2 products in the cart
12:05:48.471 [pool-1-thread-1] DEBUG net.thucydides.core.reports.ReportService - net.thucydides.core.reports.json.JSONTestOutcomeReporter@4627dfda: Generating report for test outcome: cart:add 2 products in the cart
12:05:48.490 [pool-1-thread-1] DEBUG net.thucydides.core.reports.json.JSONTestOutcomeReporter - Generating JSON report for add 2 products in the cart to file C:\Users\casaf\Desktop\auti\SQAreto\target\site\serenity\f453754198036dd0d2381cb12060cd43c06e07a875903918a1233efc21e203ed.json)
12:05:48.584 [pool-1-thread-1] DEBUG net.thucydides.core.reports.ReportService - Processing test outcome cart:add 2 products in the cart done
12:05:48.584 [Test worker] DEBUG net.thucydides.core.reports.ReportService - Shutting down executor service
12:05:48.584 [Test worker] DEBUG net.thucydides.core.reports.ReportService - Reports generated in: 114 ms
12:05:48.944 [Test worker] DEBUG net.serenitybdd.core.photography.Darkroom - Closing darkroom
12:05:48.944 [Darkroom Processing Line] DEBUG net.serenitybdd.core.photography.DarkroomProcessingLine - Darkroom processing line shutting down
12:05:48.951 [Test worker] DEBUG net.serenitybdd.core.photography.Darkroom - Closing darkroom
]]></system-out>
  <system-err><![CDATA[]]></system-err>
</testsuite>
